<?xml version="1.0" encoding="UTF-8"?>
<testsuite xmlns:xsi="http://www.w3.org/2001/XMLSchema-instance" xsi:noNamespaceSchemaLocation="https://maven.apache.org/surefire/maven-surefire-plugin/xsd/surefire-test-report.xsd" name="com.vijay.app.controller.ControllerTest" time="11.274" tests="3" errors="0" skipped="0" failures="0">
  <properties>
[...]
</properties>
  <testcase name="getAllStudnets" classname="com.vijay.app.controller.ControllerTest" time="0.469"/>
  <testcase name="saveStudent" classname="com.vijay.app.controller.ControllerTest" time="0.218"/>
  <testcase name="deleteByIdTest" classname="com.vijay.app.controller.ControllerTest" time="0.029"/>
</testsuite>